<?xml version="1.0" encoding="UTF-8"?>
<!-- Generated by org.testng.reporters.JUnitReportReporter -->
<testsuite hostname="Jagadeswari" failures="0" tests="9" name="MyRunner.TestRunner" time="297.302" errors="0" timestamp="07 Feb 2022 03:44:50 GMT" skipped="0">
  <testcase classname="MyRunner.TestRunner" name="feature" time="32.101"/>
  <testcase classname="MyRunner.TestRunner" name="feature" time="48.884"/>
  <testcase classname="MyRunner.TestRunner" name="feature" time="29.600"/>
  <testcase classname="MyRunner.TestRunner" name="feature" time="20.036"/>
  <testcase classname="MyRunner.TestRunner" name="feature" time="30.721"/>
  <testcase classname="MyRunner.TestRunner" name="feature" time="31.194"/>
  <testcase classname="MyRunner.TestRunner" name="feature" time="18.226"/>
  <testcase classname="MyRunner.TestRunner" name="feature" time="47.632"/>
  <testcase classname="MyRunner.TestRunner" name="feature" time="38.908"/>
</testsuite> <!-- MyRunner.TestRunner -->
